<?xml version="1.0" encoding="UTF-8"?>
<!-- Generated by org.testng.reporters.JUnitXMLReporter -->
<testsuite ignored="2" hostname="Ahmad" failures="0" tests="1" name="Default test" time="8.452" errors="0" timestamp="2024-06-04T00:33:25 EDT">
  <testcase classname="SeleniumExamplesPkg.Selenium_Concepts_Hardcoded.D_Rediff" name="childToParent_xpathTest" time="8.407"/>
  <testcase classname="SeleniumExamplesPkg.Selenium_Concepts_Hardcoded.D_Rediff" name="rediffTest" time="0.0">
    <ignored/>
  </testcase> <!-- rediffTest -->
  <testcase classname="SeleniumExamplesPkg.Selenium_Concepts_Hardcoded.D_Rediff" name="siblingToSibling_xpathTest" time="0.0">
    <ignored/>
  </testcase> <!-- siblingToSibling_xpathTest -->
</testsuite> <!-- Default test -->
