<?xml version="1.0" encoding="UTF-8"?>
<!-- Generated by org.testng.reporters.JUnitXMLReporter -->
<testsuite ignored="1" hostname="Ahmad" failures="0" tests="1" name="Default test" time="7.936" errors="0" timestamp="2024-05-30T00:37:09 EDT">
  <testcase classname="SeleniumExamplesPkg.Selenium_Concepts_Hardcoded.C_SalesForce" name="academyTest" time="7.9"/>
  <testcase classname="SeleniumExamplesPkg.Selenium_Concepts_Hardcoded.C_SalesForce" name="C_SalesForceTest" time="0.0">
    <ignored/>
  </testcase> <!-- C_SalesForceTest -->
</testsuite> <!-- Default test -->
