<?xml version="1.0" encoding="UTF-8"?>
<testng-results ignored="2" total="3" passed="1" failed="0" skipped="0">
  <reporter-output>
  </reporter-output>
  <suite started-at="2024-06-02T19:03:16 EDT" name="Default suite" finished-at="2024-06-02T19:03:20 EDT" duration-ms="3449">
    <groups>
    </groups>
    <test started-at="2024-06-02T19:03:16 EDT" name="Default test" finished-at="2024-06-02T19:03:20 EDT" duration-ms="3449">
      <class name="SeleniumExamplesPkg.Selenium_Concepts_Hardcoded.ATest">
        <test-method signature="basics()[pri:0, instance:SeleniumExamplesPkg.Selenium_Concepts_Hardcoded.ATest@27ce24aa]" started-at="2024-06-02T19:03:16 EDT" name="basics" finished-at="2024-06-02T19:03:20 EDT" duration-ms="3409" status="PASS">
          <reporter-output>
          </reporter-output>
        </test-method> <!-- basics -->
      </class> <!-- SeleniumExamplesPkg.Selenium_Concepts_Hardcoded.ATest -->
    </test> <!-- Default test -->
  </suite> <!-- Default suite -->
</testng-results>
