<?xml version="1.0" encoding="UTF-8"?>
<testng-results ignored="3" total="4" passed="1" failed="0" skipped="0">
  <reporter-output>
  </reporter-output>
  <suite started-at="2024-07-22T22:43:52 EDT" name="Default suite" finished-at="2024-07-22T22:43:59 EDT" duration-ms="7867">
    <groups>
    </groups>
    <test started-at="2024-07-22T22:43:52 EDT" name="Default test" finished-at="2024-07-22T22:43:59 EDT" duration-ms="7867">
      <class name="SeleniumExamplesPkg.Selenium_Concepts_Hardcoded.Added22_FluentWait">
        <test-method signature="explicitWaitTest()[pri:0, instance:SeleniumExamplesPkg.Selenium_Concepts_Hardcoded.Added22_FluentWait@3427b02d]" started-at="2024-07-22T22:43:52 EDT" name="explicitWaitTest" finished-at="2024-07-22T22:43:59 EDT" duration-ms="7828" status="PASS">
          <reporter-output>
          </reporter-output>
        </test-method> <!-- explicitWaitTest -->
      </class> <!-- SeleniumExamplesPkg.Selenium_Concepts_Hardcoded.Added22_FluentWait -->
    </test> <!-- Default test -->
  </suite> <!-- Default suite -->
</testng-results>
